<?xml version="1.0" encoding="UTF-8"?>
<!-- Generated by org.testng.reporters.JUnitXMLReporter -->
<testsuite ignored="0" hostname="edulab3" failures="0" tests="6" name="Command line test" time="80.236" errors="0" timestamp="2023-10-31T16:37:06 IST">
  <testcase classname="com.qa.testpage.ForgetPasswordPage_Test" name="validate_ForgetPassLink" time="3.277"/>
  <testcase classname="com.qa.testpage.LoginPage_Test" name="loginPageTitleTest" time="0.023"/>
  <testcase classname="com.qa.testpage.LoginPage_Test" name="loginpage_Test" time="0.569"/>
  <testcase classname="com.qa.testpage.LoginPage_Test" name="Validate_SignUpLink" time="3.153"/>
  <testcase classname="com.qa.testpage.LoginPage_Test" name="validate_ForgetPassLink" time="3.79"/>
  <testcase classname="com.qa.testpage.SignUpPage_Test" name="Validate_SignUpLink" time="3.389"/>
</testsuite> <!-- Command line test -->
