<?xml version="1.0" encoding="UTF-8"?>
<testng-results ignored="0" total="2" passed="2" failed="0" skipped="0">
  <reporter-output>
  </reporter-output>
  <suite started-at="2023-10-31T16:45:21 IST" name="com.qa.testpage.LoginPage_Test" finished-at="2023-10-31T16:45:39 IST" duration-ms="17251">
    <groups>
    </groups>
    <test started-at="2023-10-31T16:45:21 IST" name="Command line test" finished-at="2023-10-31T16:45:39 IST" duration-ms="17251">
      <class name="com.qa.testpage.LoginPage_Test">
        <test-method is-config="true" signature="setUp()[pri:0, instance:com.qa.testpage.LoginPage_Test@26794848]" started-at="2023-10-31T16:45:21 IST" name="setUp" finished-at="2023-10-31T16:45:30 IST" duration-ms="9113" status="PASS">
          <reporter-output>
          </reporter-output>
        </test-method> <!-- setUp -->
        <test-method signature="loginPageTitleTest()[pri:1, instance:com.qa.testpage.LoginPage_Test@26794848]" started-at="2023-10-31T16:45:30 IST" name="loginPageTitleTest" finished-at="2023-10-31T16:45:30 IST" duration-ms="23" status="PASS">
          <reporter-output>
          </reporter-output>
        </test-method> <!-- loginPageTitleTest -->
        <test-method is-config="true" signature="setUp()[pri:0, instance:com.qa.testpage.LoginPage_Test@26794848]" started-at="2023-10-31T16:45:31 IST" name="setUp" finished-at="2023-10-31T16:45:38 IST" duration-ms="7586" status="PASS">
          <reporter-output>
          </reporter-output>
        </test-method> <!-- setUp -->
        <test-method signature="loginpage_Test()[pri:2, instance:com.qa.testpage.LoginPage_Test@26794848]" started-at="2023-10-31T16:45:38 IST" name="loginpage_Test" finished-at="2023-10-31T16:45:39 IST" duration-ms="449" status="PASS">
          <reporter-output>
          </reporter-output>
        </test-method> <!-- loginpage_Test -->
      </class> <!-- com.qa.testpage.LoginPage_Test -->
    </test> <!-- Command line test -->
  </suite> <!-- com.qa.testpage.LoginPage_Test -->
</testng-results>
